#
# There is insufficient memory for the Java Runtime Environment to continue.
# Native memory allocation (malloc) failed to allocate 402653184 bytes for committing reserved memory.
# Possible reasons:
#   The system is out of physical RAM or swap space
#   In 32 bit mode, the process size limit was hit
# Possible solutions:
#   Reduce memory load on the system
#   Increase physical memory or swap space
#   Check if swap backing store is full
#   Use 64 bit Java on a 64 bit OS
#   Decrease Java heap size (-Xmx/-Xms)
#   Decrease number of Java threads
#   Decrease Java thread stack sizes (-Xss)
#   Set larger code cache with -XX:ReservedCodeCacheSize=
# This output file may be truncated or incomplete.
#
#  Out of Memory Error (os_linux.cpp:2761), pid=12389, tid=140532202387200
#
# JRE version:  (7.0_51) (build )
# Java VM: OpenJDK 64-Bit Server VM (24.45-b08 mixed mode linux-amd64 compressed oops)
# Failed to write core dump. Core dumps have been disabled. To enable core dumping, try "ulimit -c unlimited" before starting Java again
#

---------------  T H R E A D  ---------------

Current thread (0x00007fd02c00a000):  JavaThread "Unknown thread" [_thread_in_vm, id=12392, stack(0x00007fd033f0b000,0x00007fd03400c000)]

Stack: [0x00007fd033f0b000,0x00007fd03400c000],  sp=0x00007fd03400a540,  free space=1021k
Native frames: (J=compiled Java code, j=interpreted, Vv=VM code, C=native code)
V  [libjvm.so+0x8f6303]  VMError::report_and_die()+0x173
V  [libjvm.so+0x464940]  report_vm_out_of_memory(char const*, int, unsigned long, char const*)+0x70
V  [libjvm.so+0x780491]  os::Linux::commit_memory_impl(char*, unsigned long, unsigned long, bool)+0x1b1
V  [libjvm.so+0x7804ec]  os::pd_commit_memory(char*, unsigned long, unsigned long, bool)+0xc
V  [libjvm.so+0x77a226]  os::commit_memory(char*, unsigned long, unsigned long, bool)+0x26
V  [libjvm.so+0x7e69eb]  PSVirtualSpace::expand_by(unsigned long)+0x6b
V  [libjvm.so+0x7d7493]  PSOldGen::PSOldGen(ReservedSpace, unsigned long, unsigned long, unsigned long, unsigned long, char const*, int)+0x1b3
V  [libjvm.so+0x7e04a6]  PSPermGen::PSPermGen(ReservedSpace, unsigned long, unsigned long, unsigned long, unsigned long, char const*, int)+0x56
V  [libjvm.so+0x79e1f2]  ParallelScavengeHeap::initialize()+0x632
V  [libjvm.so+0x8c8b86]  Universe::initialize_heap()+0xc6
V  [libjvm.so+0x8c8ec4]  universe_init()+0x64
V  [libjvm.so+0x56734f]  init_globals()+0x4f
V  [libjvm.so+0x8af895]  Threads::create_vm(JavaVMInitArgs*, bool*)+0x335
V  [libjvm.so+0x5d0f5a]  JNI_CreateJavaVM+0x5a
C  [libjli.so+0x2a17]  __strcat_chk+0x2a17


---------------  P R O C E S S  ---------------

Java Threads: ( => current thread )

Other Threads:

=>0x00007fd02c00a000 (exited) JavaThread "Unknown thread" [_thread_in_vm, id=12392, stack(0x00007fd033f0b000,0x00007fd03400c000)]

VM state:not at safepoint (not fully initialized)

VM Mutex/Monitor currently owned by a thread: None

GC Heap History (0 events):
No events

Deoptimization events (0 events):
No events

Internal exceptions (0 events):
No events

Events (0 events):
No events


Dynamic libraries:
00400000-00401000 r-xp 00000000 08:07 6955482                            /usr/lib/jvm/java-7-openjdk-amd64/jre/bin/java
00600000-00601000 r--p 00000000 08:07 6955482                            /usr/lib/jvm/java-7-openjdk-amd64/jre/bin/java
00601000-00602000 rw-p 00001000 08:07 6955482                            /usr/lib/jvm/java-7-openjdk-amd64/jre/bin/java
00737000-00758000 rw-p 00000000 00:00 0                                  [heap]
b8000000-c0000000 rw-p 00000000 00:00 0 
c0000000-d5580000 rw-p 00000000 00:00 0 
d5580000-eaa80000 rw-p 00000000 00:00 0 
eaa80000-f5580000 rw-p 00000000 00:00 0 
f5580000-100000000 rw-p 00000000 00:00 0 
7fd029000000-7fd029270000 rwxp 00000000 00:00 0 
7fd029270000-7fd02c024000 rw-p 00000000 00:00 0 
7fd02c024000-7fd030000000 ---p 00000000 00:00 0 
7fd030534000-7fd03081b000 rw-p 00000000 00:00 0 
7fd03081b000-7fd0309c6000 rw-p 00000000 00:00 0 
7fd0309c6000-7fd030a71000 rw-p 00000000 00:00 0 
7fd030a71000-7fd030b1b000 rw-p 00000000 00:00 0 
7fd030b1b000-7fd030b71000 rw-p 00000000 00:00 0 
7fd030b71000-7fd030bc6000 rw-p 00000000 00:00 0 
7fd030bc6000-7fd030bc7000 rw-p 00000000 00:00 0 
7fd030bc7000-7fd030bcf000 r-xp 00000000 08:07 7745088                    /usr/lib/jvm/java-7-openjdk-amd64/jre/lib/amd64/libzip.so
7fd030bcf000-7fd030dce000 ---p 00008000 08:07 7745088                    /usr/lib/jvm/java-7-openjdk-amd64/jre/lib/amd64/libzip.so
7fd030dce000-7fd030dcf000 r--p 00007000 08:07 7745088                    /usr/lib/jvm/java-7-openjdk-amd64/jre/lib/amd64/libzip.so
7fd030dcf000-7fd030dd0000 rw-p 00008000 08:07 7745088                    /usr/lib/jvm/java-7-openjdk-amd64/jre/lib/amd64/libzip.so
7fd030dd0000-7fd030ddc000 r-xp 00000000 08:07 8520585                    /lib/x86_64-linux-gnu/libnss_files-2.15.so
7fd030ddc000-7fd030fdb000 ---p 0000c000 08:07 8520585                    /lib/x86_64-linux-gnu/libnss_files-2.15.so
7fd030fdb000-7fd030fdc000 r--p 0000b000 08:07 8520585                    /lib/x86_64-linux-gnu/libnss_files-2.15.so
7fd030fdc000-7fd030fdd000 rw-p 0000c000 08:07 8520585                    /lib/x86_64-linux-gnu/libnss_files-2.15.so
7fd030fdd000-7fd030fe7000 r-xp 00000000 08:07 8523218                    /lib/x86_64-linux-gnu/libnss_nis-2.15.so
7fd030fe7000-7fd0311e7000 ---p 0000a000 08:07 8523218                    /lib/x86_64-linux-gnu/libnss_nis-2.15.so
7fd0311e7000-7fd0311e8000 r--p 0000a000 08:07 8523218                    /lib/x86_64-linux-gnu/libnss_nis-2.15.so
7fd0311e8000-7fd0311e9000 rw-p 0000b000 08:07 8523218                    /lib/x86_64-linux-gnu/libnss_nis-2.15.so
7fd0311e9000-7fd031200000 r-xp 00000000 08:07 8527535                    /lib/x86_64-linux-gnu/libnsl-2.15.so
7fd031200000-7fd0313ff000 ---p 00017000 08:07 8527535                    /lib/x86_64-linux-gnu/libnsl-2.15.so
7fd0313ff000-7fd031400000 r--p 00016000 08:07 8527535                    /lib/x86_64-linux-gnu/libnsl-2.15.so
7fd031400000-7fd031401000 rw-p 00017000 08:07 8527535                    /lib/x86_64-linux-gnu/libnsl-2.15.so
7fd031401000-7fd031403000 rw-p 00000000 00:00 0 
7fd031403000-7fd03140b000 r-xp 00000000 08:07 8519744                    /lib/x86_64-linux-gnu/libnss_compat-2.15.so
7fd03140b000-7fd03160a000 ---p 00008000 08:07 8519744                    /lib/x86_64-linux-gnu/libnss_compat-2.15.so
7fd03160a000-7fd03160b000 r--p 00007000 08:07 8519744                    /lib/x86_64-linux-gnu/libnss_compat-2.15.so
7fd03160b000-7fd03160c000 rw-p 00008000 08:07 8519744                    /lib/x86_64-linux-gnu/libnss_compat-2.15.so
7fd03160c000-7fd031635000 r-xp 00000000 08:07 7745084                    /usr/lib/jvm/java-7-openjdk-amd64/jre/lib/amd64/libjava.so
7fd031635000-7fd031834000 ---p 00029000 08:07 7745084                    /usr/lib/jvm/java-7-openjdk-amd64/jre/lib/amd64/libjava.so
7fd031834000-7fd031835000 r--p 00028000 08:07 7745084                    /usr/lib/jvm/java-7-openjdk-amd64/jre/lib/amd64/libjava.so
7fd031835000-7fd031837000 rw-p 00029000 08:07 7745084                    /usr/lib/jvm/java-7-openjdk-amd64/jre/lib/amd64/libjava.so
7fd031837000-7fd031845000 r-xp 00000000 08:07 7745117                    /usr/lib/jvm/java-7-openjdk-amd64/jre/lib/amd64/libverify.so
7fd031845000-7fd031a44000 ---p 0000e000 08:07 7745117                    /usr/lib/jvm/java-7-openjdk-amd64/jre/lib/amd64/libverify.so
7fd031a44000-7fd031a46000 r--p 0000d000 08:07 7745117                    /usr/lib/jvm/java-7-openjdk-amd64/jre/lib/amd64/libverify.so
7fd031a46000-7fd031a47000 rw-p 0000f000 08:07 7745117                    /usr/lib/jvm/java-7-openjdk-amd64/jre/lib/amd64/libverify.so
7fd031a47000-7fd031a4e000 r-xp 00000000 08:07 8523211                    /lib/x86_64-linux-gnu/librt-2.15.so
7fd031a4e000-7fd031c4d000 ---p 00007000 08:07 8523211                    /lib/x86_64-linux-gnu/librt-2.15.so
7fd031c4d000-7fd031c4e000 r--p 00006000 08:07 8523211                    /lib/x86_64-linux-gnu/librt-2.15.so
7fd031c4e000-7fd031c4f000 rw-p 00007000 08:07 8523211                    /lib/x86_64-linux-gnu/librt-2.15.so
7fd031c4f000-7fd031c64000 r-xp 00000000 08:07 8523285                    /lib/x86_64-linux-gnu/libgcc_s.so.1
7fd031c64000-7fd031e63000 ---p 00015000 08:07 8523285                    /lib/x86_64-linux-gnu/libgcc_s.so.1
7fd031e63000-7fd031e64000 r--p 00014000 08:07 8523285                    /lib/x86_64-linux-gnu/libgcc_s.so.1
7fd031e64000-7fd031e65000 rw-p 00015000 08:07 8523285                    /lib/x86_64-linux-gnu/libgcc_s.so.1
7fd031e65000-7fd031f60000 r-xp 00000000 08:07 8523226                    /lib/x86_64-linux-gnu/libm-2.15.so
7fd031f60000-7fd03215f000 ---p 000fb000 08:07 8523226                    /lib/x86_64-linux-gnu/libm-2.15.so
7fd03215f000-7fd032160000 r--p 000fa000 08:07 8523226                    /lib/x86_64-linux-gnu/libm-2.15.so
7fd032160000-7fd032161000 rw-p 000fb000 08:07 8523226                    /lib/x86_64-linux-gnu/libm-2.15.so
7fd032161000-7fd032243000 r-xp 00000000 08:07 6692386                    /usr/lib/x86_64-linux-gnu/libstdc++.so.6.0.16
7fd032243000-7fd032442000 ---p 000e2000 08:07 6692386                    /usr/lib/x86_64-linux-gnu/libstdc++.so.6.0.16
7fd032442000-7fd03244a000 r--p 000e1000 08:07 6692386                    /usr/lib/x86_64-linux-gnu/libstdc++.so.6.0.16
7fd03244a000-7fd03244c000 rw-p 000e9000 08:07 6692386                    /usr/lib/x86_64-linux-gnu/libstdc++.so.6.0.16
7fd03244c000-7fd032461000 rw-p 00000000 00:00 0 
7fd032461000-7fd032f1c000 r-xp 00000000 08:07 7745099                    /usr/lib/jvm/java-7-openjdk-amd64/jre/lib/amd64/server/libjvm.so
7fd032f1c000-7fd03311c000 ---p 00abb000 08:07 7745099                    /usr/lib/jvm/java-7-openjdk-amd64/jre/lib/amd64/server/libjvm.so
7fd03311c000-7fd0331b4000 r--p 00abb000 08:07 7745099                    /usr/lib/jvm/java-7-openjdk-amd64/jre/lib/amd64/server/libjvm.so
7fd0331b4000-7fd0331d7000 rw-p 00b53000 08:07 7745099                    /usr/lib/jvm/java-7-openjdk-amd64/jre/lib/amd64/server/libjvm.so
7fd0331d7000-7fd033204000 rw-p 00000000 00:00 0 
7fd033204000-7fd03321a000 r-xp 00000000 08:07 8523375                    /lib/x86_64-linux-gnu/libz.so.1.2.3.4
7fd03321a000-7fd033419000 ---p 00016000 08:07 8523375                    /lib/x86_64-linux-gnu/libz.so.1.2.3.4
7fd033419000-7fd03341a000 r--p 00015000 08:07 8523375                    /lib/x86_64-linux-gnu/libz.so.1.2.3.4
7fd03341a000-7fd03341b000 rw-p 00016000 08:07 8523375                    /lib/x86_64-linux-gnu/libz.so.1.2.3.4
7fd03341b000-7fd033433000 r-xp 00000000 08:07 8523220                    /lib/x86_64-linux-gnu/libpthread-2.15.so
7fd033433000-7fd033632000 ---p 00018000 08:07 8523220                    /lib/x86_64-linux-gnu/libpthread-2.15.so
7fd033632000-7fd033633000 r--p 00017000 08:07 8523220                    /lib/x86_64-linux-gnu/libpthread-2.15.so
7fd033633000-7fd033634000 rw-p 00018000 08:07 8523220                    /lib/x86_64-linux-gnu/libpthread-2.15.so
7fd033634000-7fd033638000 rw-p 00000000 00:00 0 
7fd033638000-7fd03363a000 r-xp 00000000 08:07 8523238                    /lib/x86_64-linux-gnu/libdl-2.15.so
7fd03363a000-7fd03383a000 ---p 00002000 08:07 8523238                    /lib/x86_64-linux-gnu/libdl-2.15.so
7fd03383a000-7fd03383b000 r--p 00002000 08:07 8523238                    /lib/x86_64-linux-gnu/libdl-2.15.so
7fd03383b000-7fd03383c000 rw-p 00003000 08:07 8523238                    /lib/x86_64-linux-gnu/libdl-2.15.so
7fd03383c000-7fd0339f1000 r-xp 00000000 08:07 8519742                    /lib/x86_64-linux-gnu/libc-2.15.so
7fd0339f1000-7fd033bf1000 ---p 001b5000 08:07 8519742                    /lib/x86_64-linux-gnu/libc-2.15.so
7fd033bf1000-7fd033bf5000 r--p 001b5000 08:07 8519742                    /lib/x86_64-linux-gnu/libc-2.15.so
7fd033bf5000-7fd033bf7000 rw-p 001b9000 08:07 8519742                    /lib/x86_64-linux-gnu/libc-2.15.so
7fd033bf7000-7fd033bfc000 rw-p 00000000 00:00 0 
7fd033bfc000-7fd033c09000 r-xp 00000000 08:07 7745110                    /usr/lib/jvm/java-7-openjdk-amd64/jre/lib/amd64/jli/libjli.so
7fd033c09000-7fd033e08000 ---p 0000d000 08:07 7745110                    /usr/lib/jvm/java-7-openjdk-amd64/jre/lib/amd64/jli/libjli.so
7fd033e08000-7fd033e09000 r--p 0000c000 08:07 7745110                    /usr/lib/jvm/java-7-openjdk-amd64/jre/lib/amd64/jli/libjli.so
7fd033e09000-7fd033e0a000 rw-p 0000d000 08:07 7745110                    /usr/lib/jvm/java-7-openjdk-amd64/jre/lib/amd64/jli/libjli.so
7fd033e0a000-7fd033e2c000 r-xp 00000000 08:07 8523227                    /lib/x86_64-linux-gnu/ld-2.15.so
7fd033e4b000-7fd033e55000 rw-p 00000000 00:00 0 
7fd033e55000-7fd033f0b000 rw-p 00000000 00:00 0 
7fd033f0b000-7fd033f0e000 ---p 00000000 00:00 0 
7fd033f0e000-7fd034011000 rw-p 00000000 00:00 0 
7fd03401e000-7fd034020000 rw-p 00000000 00:00 0 
7fd034020000-7fd034028000 rw-s 00000000 08:07 8138354                    /tmp/hsperfdata_madhavi/12389
7fd034028000-7fd034029000 rw-p 00000000 00:00 0 
7fd034029000-7fd03402a000 r--p 00000000 00:00 0 
7fd03402a000-7fd03402c000 rw-p 00000000 00:00 0 
7fd03402c000-7fd03402d000 r--p 00022000 08:07 8523227                    /lib/x86_64-linux-gnu/ld-2.15.so
7fd03402d000-7fd03402f000 rw-p 00023000 08:07 8523227                    /lib/x86_64-linux-gnu/ld-2.15.so
7fffe7304000-7fffe7325000 rw-p 00000000 00:00 0                          [stack]
7fffe73f8000-7fffe73f9000 r-xp 00000000 00:00 0                          [vdso]
ffffffffff600000-ffffffffff601000 r-xp 00000000 00:00 0                  [vsyscall]

VM Arguments:
jvm_args: -Xms512m -Xmx1024m -XX:PermSize=384m -XX:MaxPermSize=512m -XX:-UseSplitVerifier 
java_command: /home/madhavi/Fullsail/SnapFactory_v4/lunex/target/surefire/surefirebooter5653548947003304352.jar /home/madhavi/Fullsail/SnapFactory_v4/lunex/target/surefire/surefire6333894161223118414tmp /home/madhavi/Fullsail/SnapFactory_v4/lunex/target/surefire/surefire_05831768085907397244tmp
Launcher Type: SUN_STANDARD

Environment Variables:
JAVA_HOME=/usr/lib/jvm/java-7-openjdk-amd64
CLASSPATH=/usr/lib/jvm/java-7-openjdk-amd64:.
PATH=/usr/lib/lightdm/lightdm:/usr/local/sbin:/usr/local/bin:/usr/sbin:/usr/bin:/sbin:/bin:/usr/games:/home/madhavi/software/jdk1.6.0_37/bin:/usr/lib/jvm/java-7-openjdk-amd64/bin
SHELL=/bin/bash
DISPLAY=:0

Signal Handlers:
SIGSEGV: [libjvm.so+0x8f6d70], sa_mask[0]=0x7ffbfeff, sa_flags=0x10000004
SIGBUS: [libjvm.so+0x8f6d70], sa_mask[0]=0x7ffbfeff, sa_flags=0x10000004
SIGFPE: [libjvm.so+0x77aeb0], sa_mask[0]=0x7ffbfeff, sa_flags=0x10000004
SIGPIPE: [libjvm.so+0x77aeb0], sa_mask[0]=0x7ffbfeff, sa_flags=0x10000004
SIGXFSZ: [libjvm.so+0x77aeb0], sa_mask[0]=0x7ffbfeff, sa_flags=0x10000004
SIGILL: [libjvm.so+0x77aeb0], sa_mask[0]=0x7ffbfeff, sa_flags=0x10000004
SIGUSR1: SIG_DFL, sa_mask[0]=0x00000000, sa_flags=0x00000000
SIGUSR2: [libjvm.so+0x77b130], sa_mask[0]=0x00000004, sa_flags=0x10000004
SIGHUP: SIG_DFL, sa_mask[0]=0x00000000, sa_flags=0x00000000
SIGINT: SIG_DFL, sa_mask[0]=0x00000000, sa_flags=0x00000000
SIGTERM: SIG_DFL, sa_mask[0]=0x00000000, sa_flags=0x00000000
SIGQUIT: SIG_DFL, sa_mask[0]=0x00000000, sa_flags=0x00000000


---------------  S Y S T E M  ---------------

OS:Ubuntu 12.04 (precise)
uname:Linux 3.2.0-61-generic #92-Ubuntu SMP Mon Mar 31 23:47:59 UTC 2014 x86_64
libc:glibc 2.15 NPTL 2.15 
rlimit: STACK 8192k, CORE 0k, NPROC 30970, NOFILE 4096, AS infinity
load average:2.35 1.73 1.10

/proc/meminfo:
MemTotal:        3981840 kB
MemFree:          170952 kB
Buffers:            9412 kB
Cached:           480240 kB
SwapCached:        31888 kB
Active:          2543252 kB
Inactive:        1014004 kB
Active(anon):    2472084 kB
Inactive(anon):   931444 kB
Active(file):      71168 kB
Inactive(file):    82560 kB
Unevictable:          64 kB
Mlocked:              64 kB
SwapTotal:        999420 kB
SwapFree:          98896 kB
Dirty:               988 kB
Writeback:             0 kB
AnonPages:       3038264 kB
Mapped:           139296 kB
Shmem:            335484 kB
Slab:             109840 kB
SReclaimable:      68024 kB
SUnreclaim:        41816 kB
KernelStack:        6384 kB
PageTables:        57636 kB
NFS_Unstable:          0 kB
Bounce:                0 kB
WritebackTmp:          0 kB
CommitLimit:     2990340 kB
Committed_AS:   10052768 kB
VmallocTotal:   34359738367 kB
VmallocUsed:      556052 kB
VmallocChunk:   34359111360 kB
HardwareCorrupted:     0 kB
AnonHugePages:         0 kB
HugePages_Total:       0
HugePages_Free:        0
HugePages_Rsvd:        0
HugePages_Surp:        0
Hugepagesize:       2048 kB
DirectMap4k:       55296 kB
DirectMap2M:     4081664 kB


CPU:total 4 (2 cores per cpu, 2 threads per core) family 6 model 42 stepping 7, cmov, cx8, fxsr, mmx, sse, sse2, sse3, ssse3, sse4.1, sse4.2, popcnt, avx, aes, ht, tsc, tscinvbit

/proc/cpuinfo:
processor	: 0
vendor_id	: GenuineIntel
cpu family	: 6
model		: 42
model name	: Intel(R) Core(TM) i5-2450M CPU @ 2.50GHz
stepping	: 7
microcode	: 0x18
cpu MHz		: 2501.000
cache size	: 3072 KB
physical id	: 0
siblings	: 4
core id		: 0
cpu cores	: 2
apicid		: 0
initial apicid	: 0
fpu		: yes
fpu_exception	: yes
cpuid level	: 13
wp		: yes
flags		: fpu vme de pse tsc msr pae mce cx8 apic sep mtrr pge mca cmov pat pse36 clflush dts acpi mmx fxsr sse sse2 ss ht tm pbe syscall nx rdtscp lm constant_tsc arch_perfmon pebs bts rep_good nopl xtopology nonstop_tsc aperfmperf pni pclmulqdq dtes64 monitor ds_cpl vmx est tm2 ssse3 cx16 xtpr pdcm pcid sse4_1 sse4_2 x2apic popcnt tsc_deadline_timer aes xsave avx lahf_lm ida arat epb xsaveopt pln pts dtherm tpr_shadow vnmi flexpriority ept vpid
bogomips	: 4988.96
clflush size	: 64
cache_alignment	: 64
address sizes	: 36 bits physical, 48 bits virtual
power management:

processor	: 1
vendor_id	: GenuineIntel
cpu family	: 6
model		: 42
model name	: Intel(R) Core(TM) i5-2450M CPU @ 2.50GHz
stepping	: 7
microcode	: 0x18
cpu MHz		: 800.000
cache size	: 3072 KB
physical id	: 0
siblings	: 4
core id		: 0
cpu cores	: 2
apicid		: 1
initial apicid	: 1
fpu		: yes
fpu_exception	: yes
cpuid level	: 13
wp		: yes
flags		: fpu vme de pse tsc msr pae mce cx8 apic sep mtrr pge mca cmov pat pse36 clflush dts acpi mmx fxsr sse sse2 ss ht tm pbe syscall nx rdtscp lm constant_tsc arch_perfmon pebs bts rep_good nopl xtopology nonstop_tsc aperfmperf pni pclmulqdq dtes64 monitor ds_cpl vmx est tm2 ssse3 cx16 xtpr pdcm pcid sse4_1 sse4_2 x2apic popcnt tsc_deadline_timer aes xsave avx lahf_lm ida arat epb xsaveopt pln pts dtherm tpr_shadow vnmi flexpriority ept vpid
bogomips	: 4988.64
clflush size	: 64
cache_alignment	: 64
address sizes	: 36 bits physical, 48 bits virtual
power management:

processor	: 2
vendor_id	: GenuineIntel
cpu family	: 6
model		: 42
model name	: Intel(R) Core(TM) i5-2450M CPU @ 2.50GHz
stepping	: 7
microcode	: 0x18
cpu MHz		: 2501.000
cache size	: 3072 KB
physical id	: 0
siblings	: 4
core id		: 1
cpu cores	: 2
apicid		: 2
initial apicid	: 2
fpu		: yes
fpu_exception	: yes
cpuid level	: 13
wp		: yes
flags		: fpu vme de pse tsc msr pae mce cx8 apic sep mtrr pge mca cmov pat pse36 clflush dts acpi mmx fxsr sse sse2 ss ht tm pbe syscall nx rdtscp lm constant_tsc arch_perfmon pebs bts rep_good nopl xtopology nonstop_tsc aperfmperf pni pclmulqdq dtes64 monitor ds_cpl vmx est tm2 ssse3 cx16 xtpr pdcm pcid sse4_1 sse4_2 x2apic popcnt tsc_deadline_timer aes xsave avx lahf_lm ida arat epb xsaveopt pln pts dtherm tpr_shadow vnmi flexpriority ept vpid
bogomips	: 4988.64
clflush size	: 64
cache_alignment	: 64
address sizes	: 36 bits physical, 48 bits virtual
power management:

processor	: 3
vendor_id	: GenuineIntel
cpu family	: 6
model		: 42
model name	: Intel(R) Core(TM) i5-2450M CPU @ 2.50GHz
stepping	: 7
microcode	: 0x18
cpu MHz		: 2501.000
cache size	: 3072 KB
physical id	: 0
siblings	: 4
core id		: 1
cpu cores	: 2
apicid		: 3
initial apicid	: 3
fpu		: yes
fpu_exception	: yes
cpuid level	: 13
wp		: yes
flags		: fpu vme de pse tsc msr pae mce cx8 apic sep mtrr pge mca cmov pat pse36 clflush dts acpi mmx fxsr sse sse2 ss ht tm pbe syscall nx rdtscp lm constant_tsc arch_perfmon pebs bts rep_good nopl xtopology nonstop_tsc aperfmperf pni pclmulqdq dtes64 monitor ds_cpl vmx est tm2 ssse3 cx16 xtpr pdcm pcid sse4_1 sse4_2 x2apic popcnt tsc_deadline_timer aes xsave avx lahf_lm ida arat epb xsaveopt pln pts dtherm tpr_shadow vnmi flexpriority ept vpid
bogomips	: 4988.63
clflush size	: 64
cache_alignment	: 64
address sizes	: 36 bits physical, 48 bits virtual
power management:



Memory: 4k page, physical 3981840k(170952k free), swap 999420k(98896k free)

vm_info: OpenJDK 64-Bit Server VM (24.45-b08) for linux-amd64 JRE (1.7.0_51-b00), built on Jan 16 2014 18:37:59 by "buildd" with gcc 4.6.3

time: Tue May 13 18:33:49 2014
elapsed time: 0 seconds

